=== Suite started at 2016-07-26 09:34:29
=== Starting test, 23 test cases
=cases         23
=user          travis
=host          testing-worker-linux-docker-afb73657-3440-linux-1
=hosts         testing-worker-linux-docker-afb73657-3440-linux-1 
=emulator_vsn  7.2.1
=emulator      beam
=otp_release   18
=started       2016-07-26 09:34:29
=case          ct_framework:init_per_suite
=logfile       ct_framework.init_per_suite.html
=group_props   [{suite,line_SUITE}]
=started       2016-07-26 09:34:29
=ended         2016-07-26 09:34:29
=result        ok
=elapsed       1.0e-6
=case          line_SUITE:init_per_group
=logfile       line_suite.init_per_group.html
=group_props   [{name,three_stops}]
=started       2016-07-26 09:34:29
=ended         2016-07-26 09:34:29
=result        ok
=elapsed       0.013133
=case          line_SUITE:get_next_stop_case
=logfile       line_suite.get_next_stop_case.html
=started       2016-07-26 09:34:29
=ended         2016-07-26 09:34:29
=result        ok
=elapsed       0.001794
=case          line_SUITE:get_other_end_case
=logfile       line_suite.get_other_end_case.html
=started       2016-07-26 09:34:29
=ended         2016-07-26 09:34:29
=result        ok
=elapsed       7.76e-4
=case          line_SUITE:is_end_stop_case
=logfile       line_suite.is_end_stop_case.html
=started       2016-07-26 09:34:29
=ended         2016-07-26 09:34:29
=result        ok
=elapsed       5.95e-4
=case          line_SUITE:get_number_case
=logfile       line_suite.get_number_case.html
=started       2016-07-26 09:34:29
=ended         2016-07-26 09:34:29
=result        ok
=elapsed       4.97e-4
=case          line_SUITE:end_per_group
=logfile       line_suite.end_per_group.html
=group_props   [{name,three_stops}]
=started       2016-07-26 09:34:29
=ended         2016-07-26 09:34:29
=result        ok
=elapsed       7.6e-5
=group_time    0.182s
=case          line_SUITE:init_per_group
=logfile       line_suite.init_per_group.2.html
=group_props   [{name,four_stops}]
=started       2016-07-26 09:34:29
=ended         2016-07-26 09:34:29
=result        ok
=elapsed       6.3e-5
=case          line_SUITE:contains_stop_case
=logfile       line_suite.contains_stop_case.html
=started       2016-07-26 09:34:29
=ended         2016-07-26 09:34:29
=result        ok
=elapsed       9.06e-4
=case          line_SUITE:end_per_group
=logfile       line_suite.end_per_group.3.html
=group_props   [{name,four_stops}]
=started       2016-07-26 09:34:29
=ended         2016-07-26 09:34:29
=result        ok
=elapsed       5.07e-4
=group_time    0.060s
=case          line_SUITE:init_per_group
=logfile       line_suite.init_per_group.67.html
=group_props   [{name,five_stops}]
=started       2016-07-26 09:34:29
=ended         2016-07-26 09:34:29
=result        ok
=elapsed       4.2e-5
=case          line_SUITE:get_neighbors_case
=logfile       line_suite.get_neighbors_case.html
=started       2016-07-26 09:34:29
=ended         2016-07-26 09:34:30
=result        ok
=elapsed       0.001223
=case          line_SUITE:get_duration_case
=logfile       line_suite.get_duration_case.html
=started       2016-07-26 09:34:30
=ended         2016-07-26 09:34:30
=result        ok
=elapsed       0.02714
=case          line_SUITE:get_target_case
=logfile       line_suite.get_target_case.html
=started       2016-07-26 09:34:30
=ended         2016-07-26 09:34:30
=result        ok
=elapsed       0.001969
=case          line_SUITE:end_per_group
=logfile       line_suite.end_per_group.66.html
=group_props   [{name,five_stops}]
=started       2016-07-26 09:34:30
=ended         2016-07-26 09:34:30
=result        ok
=elapsed       1.21e-4
=group_time    0.228s
=case          line_SUITE:init_per_group
=logfile       line_suite.init_per_group.130.html
=group_props   [{name,nine_stops}]
=started       2016-07-26 09:34:30
=ended         2016-07-26 09:34:30
=result        ok
=elapsed       6.6e-5
=case          line_SUITE:get_intersection_case
=logfile       line_suite.get_intersection_case.html
=started       2016-07-26 09:34:30
=ended         2016-07-26 09:34:30
=result        ok
=elapsed       0.010537
=case          line_SUITE:end_per_group
=logfile       line_suite.end_per_group.194.html
=group_props   [{name,nine_stops}]
=started       2016-07-26 09:34:30
=ended         2016-07-26 09:34:30
=result        ok
=elapsed       4.8e-5
=group_time    0.097s
=case          ct_framework:end_per_suite
=logfile       ct_framework.end_per_suite.html
=group_props   [{suite,line_SUITE}]
=started       2016-07-26 09:34:30
=ended         2016-07-26 09:34:30
=result        ok
=elapsed       1.0e-6
=group_time    0.706s
=case          ct_framework:init_per_suite
=logfile       ct_framework.init_per_suite.258.html
=group_props   [{suite,public_transport_SUITE}]
=started       2016-07-26 09:34:30
=ended         2016-07-26 09:34:30
=result        ok
=elapsed       1.0e-6
=case          public_transport_SUITE:test1
=logfile       public_transport_suite.test1.html
=started       2016-07-26 09:34:30
=== WARNING: end_per_testcase crashed!
Reason: {timeout,{gen_server,call,[{global,logger},stop]}}
Line: [{gen_server,call,204},
              {public_transport_SUITE,end_per_testcase,<a href="public_transport_suite.src.html#21">21</a>},
              {test_server,do_end_per_testcase,1257},
              {test_server,run_test_case_eval1,1012},
              {test_server,run_test_case_eval,926}]

=ended         2016-07-26 09:34:40
=result        failed: {timeout,
                           {gen_server,call,
                               [{global,public_transport},{get_route,a,o}]}}, [{gen_server,
                                                                                call,
                                                                                204},
                                                                               {public_transport,
                                                                                get_route,
                                                                                25},
                                                                               {test_server,
                                                                                ts_tc,
                                                                                1408},
                                                                               {test_server,
                                                                                run_test_case_eval1,
                                                                                984},
                                                                               {test_server,
                                                                                run_test_case_eval,
                                                                                926}]
=== *** FAILED test case 10 of 23 ***
=case          ct_framework:end_per_suite
=logfile       ct_framework.end_per_suite.322.html
=group_props   [{suite,public_transport_SUITE}]
=started       2016-07-26 09:34:40
=ended         2016-07-26 09:34:40
=result        ok
=elapsed       1.0e-6
=group_time    10.079s
=case          ct_framework:init_per_suite
=logfile       ct_framework.init_per_suite.386.html
=group_props   [{suite,stop_SUITE}]
=started       2016-07-26 09:34:40
=ended         2016-07-26 09:34:40
=result        ok
=elapsed       1.0e-6
=case          stop_SUITE:passenger_check_in_case
=logfile       stop_suite.passenger_check_in_case.html
=started       2016-07-26 09:34:40
=ended         2016-07-26 09:34:40
=result        ok
=elapsed       7.37e-4
=case          stop_SUITE:passenger_check_out_case
=logfile       stop_suite.passenger_check_out_case.html
=started       2016-07-26 09:34:40
=ended         2016-07-26 09:34:40
=result        ok
=elapsed       0.002745
=case          stop_SUITE:vehicle_check_in_case
=logfile       stop_suite.vehicle_check_in_case.html
=started       2016-07-26 09:34:40
=ended         2016-07-26 09:34:40
=result        ok
=elapsed       0.001945
=case          stop_SUITE:vehicle_check_out_case
=logfile       stop_suite.vehicle_check_out_case.html
=started       2016-07-26 09:34:40
=ended         2016-07-26 09:34:40
=result        ok
=elapsed       0.002445
=case          stop_SUITE:invalid_vehicle_check_out_case
=logfile       stop_suite.invalid_vehicle_check_out_case.html
=started       2016-07-26 09:34:40
=ended         2016-07-26 09:34:40
=result        ok
=elapsed       4.01e-4
=case          ct_framework:end_per_suite
=logfile       ct_framework.end_per_suite.450.html
=group_props   [{suite,stop_SUITE}]
=started       2016-07-26 09:34:40
=ended         2016-07-26 09:34:40
=result        ok
=elapsed       0.0
=group_time    0.238s
=case          ct_framework:init_per_suite
=logfile       ct_framework.init_per_suite.514.html
=group_props   [{suite,vehicle_SUITE}]
=started       2016-07-26 09:34:40
=ended         2016-07-26 09:34:40
=result        ok
=elapsed       0.0
=case          vehicle_SUITE:checkin_ok_case
=logfile       vehicle_suite.checkin_ok_case.html
=started       2016-07-26 09:34:40
=ended         2016-07-26 09:34:40
=result        ok
=elapsed       3.34e-4
=case          vehicle_SUITE:boarding_passenger_capacity_reached_case
=logfile       vehicle_suite.boarding_passenger_capacity_reached_case.html
=started       2016-07-26 09:34:40
=ended         2016-07-26 09:34:40
=result        ok
=elapsed       0.001596
=case          vehicle_SUITE:boarding_passenger_below_capacity_case
=logfile       vehicle_suite.boarding_passenger_below_capacity_case.html
=started       2016-07-26 09:34:40
=ended         2016-07-26 09:34:40
=result        ok
=elapsed       9.65e-4
=case          vehicle_SUITE:next_stop_reached_case
=logfile       vehicle_suite.next_stop_reached_case.html
=started       2016-07-26 09:34:40
=== WARNING! vehicle_SUITE:end_per_testcase(next_stop_reached_case, [{tc_status,
                                                                  {failed,
                                                                   shutdown}},
                                                                 {vehicle,
                                                                  {{vehicle,
                                                                    bus_1},
                                                                   <0.25988.0>}},
                                                                 {watchdog,
                                                                  <0.25975.0>},
                                                                 {tc_logfile,
                                                                  "/home/travis/build/SoamJaws/wErld/test/logs/ct_run.test@testing-worker-linux-docker-afb73657-3440-linux-1.2016-07-26_09.34.28/client.public_transport.logs/run.2016-07-26_09.34.29/vehicle_suite.next_stop_reached_case.html"},
                                                                 {tc_group_properties,
                                                                  [{suite,
                                                                    vehicle_SUITE}]},
                                                                 {tc_group_path,
                                                                  []},
                                                                 {data_dir,
                                                                  "/home/travis/build/SoamJaws/wErld/test/client/public_transport/vehicle_SUITE_data/"},
                                                                 {priv_dir,
                                                                  "/home/travis/build/SoamJaws/wErld/test/logs/ct_run.test@testing-worker-linux-docker-afb73657-3440-linux-1.2016-07-26_09.34.28/client.public_transport.logs/run.2016-07-26_09.34.29/log_private/"},
                                                                 {startstop,
                                                                  {{stop,
                                                                    startstop},
                                                                   <0.25978.0>}},
                                                                 {targetstop,
                                                                  {{stop,
                                                                    targetstop},
                                                                   <0.25979.0>}},
                                                                 {time,
                                                                  {{time,time},
                                                                   <0.25980.0>}},
                                                                 {l1,
                                                                  {{line,l1},
                                                                   <0.25981.0>}},
                                                                 {s1,
                                                                  {{stop,s1},
                                                                   <0.25982.0>}},
                                                                 {p1,
                                                                  {{stop,p1},
                                                                   <0.25983.0>}},
                                                                 {p2,
                                                                  {{citizen,
                                                                    p2},
                                                                   <0.25984.0>}},
                                                                 {p3,
                                                                  {{citizen,
                                                                    p3},
                                                                   <0.25985.0>}},
                                                                 {p4,
                                                                  {{citizen,
                                                                    p4},
                                                                   <0.25986.0>}}]) crashed!
	Reason: {assert,[{module,vehicle_SUITE},
                         {line,102},
                         {expression,"gen_server_mock : validate ( S1 )"},
                         {expected,true},
                         {value,false}]}

=ended         2016-07-26 09:34:40
=result        failed: {'EXIT',shutdown}, unknown_location
=== *** FAILED test case 19 of 23 ***
=case          vehicle_SUITE:next_stop_not_reached_case
=logfile       vehicle_suite.next_stop_not_reached_case.html
=started       2016-07-26 09:34:40
=== ERROR! init_per_testcase crashed!
	Location: [{gen_server_mock,start_global,32},
              {vehicle_SUITE,init_per_testcase,<a href="vehicle_suite.src.html#38">38</a>},
              {vehicle_SUITE,init_per_testcase,<a href="vehicle_suite.src.html#61">61</a>},
              {test_server,do_init_per_testcase,1191},
              {test_server,run_test_case_eval1,955},
              {test_server,run_test_case_eval,926}]
	Reason: {{badmatch,{error,{already_started,<0.25980.0>}}},
                 [{gen_server_mock,start_global,3,
                                   [{file,"src/test/gen_server_mock.erl"},
                                    {line,32}]},
                  {vehicle_SUITE,init_per_testcase,1,
                                 [{file,"vehicle_SUITE.erl"},{line,38}]},
                  {vehicle_SUITE,init_per_testcase,2,
                                 [{file,"vehicle_SUITE.erl"},{line,61}]},
                  {test_server,do_init_per_testcase,2,
                               [{file,"test_server.erl"},{line,1191}]},
                  {test_server,run_test_case_eval1,6,
                               [{file,"test_server.erl"},{line,955}]},
                  {test_server,run_test_case_eval,9,
                               [{file,"test_server.erl"},{line,926}]}]}

=ended         2016-07-26 09:34:40
=result        auto_skipped: {failed,
                              {vehicle_SUITE,init_per_testcase,
                               {{badmatch,
                                 {error,{already_started,<0.25980.0>}}},
                                [{gen_server_mock,start_global,3,
                                  [{file,"src/test/gen_server_mock.erl"},
                                   {line,32}]},
                                 {vehicle_SUITE,init_per_testcase,1,
                                  [{file,"vehicle_SUITE.erl"},{line,38}]},
                                 {vehicle_SUITE,init_per_testcase,2,
                                  [{file,"vehicle_SUITE.erl"},{line,61}]},
                                 {test_server,do_init_per_testcase,2,
                                  [{file,"test_server.erl"},{line,1191}]},
                                 {test_server,run_test_case_eval1,6,
                                  [{file,"test_server.erl"},{line,955}]},
                                 {test_server,run_test_case_eval,9,
                                  [{file,"test_server.erl"},{line,926}]}]}}}
=== *** SKIPPED test case 20 of 23 ***
=case          vehicle_SUITE:target_stop_reached_case
=logfile       vehicle_suite.target_stop_reached_case.html
=started       2016-07-26 09:34:40
=== ERROR! init_per_testcase crashed!
	Location: [{gen_server_mock,start_global,32},
              {vehicle_SUITE,init_per_testcase,<a href="vehicle_suite.src.html#38">38</a>},
              {vehicle_SUITE,init_per_testcase,<a href="vehicle_suite.src.html#61">61</a>},
              {test_server,do_init_per_testcase,1191},
              {test_server,run_test_case_eval1,955},
              {test_server,run_test_case_eval,926}]
	Reason: {{badmatch,{error,{already_started,<0.25980.0>}}},
                 [{gen_server_mock,start_global,3,
                                   [{file,"src/test/gen_server_mock.erl"},
                                    {line,32}]},
                  {vehicle_SUITE,init_per_testcase,1,
                                 [{file,"vehicle_SUITE.erl"},{line,38}]},
                  {vehicle_SUITE,init_per_testcase,2,
                                 [{file,"vehicle_SUITE.erl"},{line,61}]},
                  {test_server,do_init_per_testcase,2,
                               [{file,"test_server.erl"},{line,1191}]},
                  {test_server,run_test_case_eval1,6,
                               [{file,"test_server.erl"},{line,955}]},
                  {test_server,run_test_case_eval,9,
                               [{file,"test_server.erl"},{line,926}]}]}

=ended         2016-07-26 09:34:40
=result        auto_skipped: {failed,
                              {vehicle_SUITE,init_per_testcase,
                               {{badmatch,
                                 {error,{already_started,<0.25980.0>}}},
                                [{gen_server_mock,start_global,3,
                                  [{file,"src/test/gen_server_mock.erl"},
                                   {line,32}]},
                                 {vehicle_SUITE,init_per_testcase,1,
                                  [{file,"vehicle_SUITE.erl"},{line,38}]},
                                 {vehicle_SUITE,init_per_testcase,2,
                                  [{file,"vehicle_SUITE.erl"},{line,61}]},
                                 {test_server,do_init_per_testcase,2,
                                  [{file,"test_server.erl"},{line,1191}]},
                                 {test_server,run_test_case_eval1,6,
                                  [{file,"test_server.erl"},{line,955}]},
                                 {test_server,run_test_case_eval,9,
                                  [{file,"test_server.erl"},{line,926}]}]}}}
=== *** SKIPPED test case 21 of 23 ***
=case          vehicle_SUITE:increment_boarding_passenger_case
=logfile       vehicle_suite.increment_boarding_passenger_case.html
=started       2016-07-26 09:34:40
=== ERROR! init_per_testcase crashed!
	Location: [{gen_server_mock,start_global,32},
              {vehicle_SUITE,init_per_testcase,<a href="vehicle_suite.src.html#38">38</a>},
              {vehicle_SUITE,init_per_testcase,<a href="vehicle_suite.src.html#61">61</a>},
              {test_server,do_init_per_testcase,1191},
              {test_server,run_test_case_eval1,955},
              {test_server,run_test_case_eval,926}]
	Reason: {{badmatch,{error,{already_started,<0.25980.0>}}},
                 [{gen_server_mock,start_global,3,
                                   [{file,"src/test/gen_server_mock.erl"},
                                    {line,32}]},
                  {vehicle_SUITE,init_per_testcase,1,
                                 [{file,"vehicle_SUITE.erl"},{line,38}]},
                  {vehicle_SUITE,init_per_testcase,2,
                                 [{file,"vehicle_SUITE.erl"},{line,61}]},
                  {test_server,do_init_per_testcase,2,
                               [{file,"test_server.erl"},{line,1191}]},
                  {test_server,run_test_case_eval1,6,
                               [{file,"test_server.erl"},{line,955}]},
                  {test_server,run_test_case_eval,9,
                               [{file,"test_server.erl"},{line,926}]}]}

=ended         2016-07-26 09:34:41
=result        auto_skipped: {failed,
                              {vehicle_SUITE,init_per_testcase,
                               {{badmatch,
                                 {error,{already_started,<0.25980.0>}}},
                                [{gen_server_mock,start_global,3,
                                  [{file,"src/test/gen_server_mock.erl"},
                                   {line,32}]},
                                 {vehicle_SUITE,init_per_testcase,1,
                                  [{file,"vehicle_SUITE.erl"},{line,38}]},
                                 {vehicle_SUITE,init_per_testcase,2,
                                  [{file,"vehicle_SUITE.erl"},{line,61}]},
                                 {test_server,do_init_per_testcase,2,
                                  [{file,"test_server.erl"},{line,1191}]},
                                 {test_server,run_test_case_eval1,6,
                                  [{file,"test_server.erl"},{line,955}]},
                                 {test_server,run_test_case_eval,9,
                                  [{file,"test_server.erl"},{line,926}]}]}}}
=== *** SKIPPED test case 22 of 23 ***
=case          vehicle_SUITE:new_time_not_driving_case
=logfile       vehicle_suite.new_time_not_driving_case.html
=started       2016-07-26 09:34:41
=== ERROR! init_per_testcase crashed!
	Location: [{gen_server_mock,start_global,32},
              {vehicle_SUITE,init_per_testcase,<a href="vehicle_suite.src.html#38">38</a>},
              {vehicle_SUITE,init_per_testcase,<a href="vehicle_suite.src.html#61">61</a>},
              {test_server,do_init_per_testcase,1191},
              {test_server,run_test_case_eval1,955},
              {test_server,run_test_case_eval,926}]
	Reason: {{badmatch,{error,{already_started,<0.25980.0>}}},
                 [{gen_server_mock,start_global,3,
                                   [{file,"src/test/gen_server_mock.erl"},
                                    {line,32}]},
                  {vehicle_SUITE,init_per_testcase,1,
                                 [{file,"vehicle_SUITE.erl"},{line,38}]},
                  {vehicle_SUITE,init_per_testcase,2,
                                 [{file,"vehicle_SUITE.erl"},{line,61}]},
                  {test_server,do_init_per_testcase,2,
                               [{file,"test_server.erl"},{line,1191}]},
                  {test_server,run_test_case_eval1,6,
                               [{file,"test_server.erl"},{line,955}]},
                  {test_server,run_test_case_eval,9,
                               [{file,"test_server.erl"},{line,926}]}]}

=ended         2016-07-26 09:34:41
=result        auto_skipped: {failed,
                              {vehicle_SUITE,init_per_testcase,
                               {{badmatch,
                                 {error,{already_started,<0.25980.0>}}},
                                [{gen_server_mock,start_global,3,
                                  [{file,"src/test/gen_server_mock.erl"},
                                   {line,32}]},
                                 {vehicle_SUITE,init_per_testcase,1,
                                  [{file,"vehicle_SUITE.erl"},{line,38}]},
                                 {vehicle_SUITE,init_per_testcase,2,
                                  [{file,"vehicle_SUITE.erl"},{line,61}]},
                                 {test_server,do_init_per_testcase,2,
                                  [{file,"test_server.erl"},{line,1191}]},
                                 {test_server,run_test_case_eval1,6,
                                  [{file,"test_server.erl"},{line,955}]},
                                 {test_server,run_test_case_eval,9,
                                  [{file,"test_server.erl"},{line,926}]}]}}}
=== *** SKIPPED test case 23 of 23 ***
=case          ct_framework:end_per_suite
=logfile       ct_framework.end_per_suite.578.html
=group_props   [{suite,vehicle_SUITE}]
=started       2016-07-26 09:34:41
=ended         2016-07-26 09:34:41
=result        ok
=elapsed       1.0e-6
=group_time    0.319s
=== TEST COMPLETE, 17 ok, 2 failed, 4 skipped of 23 test cases

=finished      2016-07-26 09:34:41
=failed        2
=successful    17
=user_skipped  0
=auto_skipped  4
