=== Suite started at 2016-07-26 06:50:53
=== Starting test, 15 test cases
=cases         15
=user          travis
=host          testing-worker-linux-docker-3ea627c6-3419-linux-12
=hosts         testing-worker-linux-docker-3ea627c6-3419-linux-12 
=emulator_vsn  7.2.1
=emulator      beam
=otp_release   18
=started       2016-07-26 06:50:53
=case          ct_framework:init_per_suite
=logfile       ct_framework.init_per_suite.html
=group_props   [{suite,line_SUITE}]
=started       2016-07-26 06:50:54
=ended         2016-07-26 06:50:54
=result        ok
=elapsed       0.0
=case          line_SUITE:init_per_group
=logfile       line_suite.init_per_group.html
=group_props   [{name,three_stops}]
=started       2016-07-26 06:50:54
=ended         2016-07-26 06:50:54
=result        ok
=elapsed       9.31e-4
=case          line_SUITE:get_next_stop_case
=logfile       line_suite.get_next_stop_case.html
=started       2016-07-26 06:50:54
=ended         2016-07-26 06:50:54
=result        ok
=elapsed       0.00194
=case          line_SUITE:get_other_end_case
=logfile       line_suite.get_other_end_case.html
=started       2016-07-26 06:50:54
=ended         2016-07-26 06:50:54
=result        ok
=elapsed       4.69e-4
=case          line_SUITE:is_end_stop_case
=logfile       line_suite.is_end_stop_case.html
=started       2016-07-26 06:50:54
=ended         2016-07-26 06:50:54
=result        ok
=elapsed       5.98e-4
=case          line_SUITE:get_number_case
=logfile       line_suite.get_number_case.html
=started       2016-07-26 06:50:54
=ended         2016-07-26 06:50:54
=result        ok
=elapsed       3.18e-4
=case          line_SUITE:end_per_group
=logfile       line_suite.end_per_group.html
=group_props   [{name,three_stops}]
=started       2016-07-26 06:50:54
=ended         2016-07-26 06:50:54
=result        ok
=elapsed       3.8e-5
=group_time    0.149s
=case          line_SUITE:init_per_group
=logfile       line_suite.init_per_group.3.html
=group_props   [{name,four_stops}]
=started       2016-07-26 06:50:54
=ended         2016-07-26 06:50:54
=result        ok
=elapsed       3.5e-5
=case          line_SUITE:contains_stop_case
=logfile       line_suite.contains_stop_case.html
=started       2016-07-26 06:50:54
=ended         2016-07-26 06:50:54
=result        ok
=elapsed       7.7e-4
=case          line_SUITE:end_per_group
=logfile       line_suite.end_per_group.2.html
=group_props   [{name,four_stops}]
=started       2016-07-26 06:50:54
=ended         2016-07-26 06:50:54
=result        ok
=elapsed       8.3e-5
=group_time    0.054s
=case          line_SUITE:init_per_group
=logfile       line_suite.init_per_group.66.html
=group_props   [{name,five_stops}]
=started       2016-07-26 06:50:54
=ended         2016-07-26 06:50:54
=result        ok
=elapsed       4.1e-5
=case          line_SUITE:get_neighbors_case
=logfile       line_suite.get_neighbors_case.html
=started       2016-07-26 06:50:54
=ended         2016-07-26 06:50:54
=result        ok
=elapsed       0.001305
=case          line_SUITE:get_duration_case
=logfile       line_suite.get_duration_case.html
=started       2016-07-26 06:50:54
=ended         2016-07-26 06:50:54
=result        ok
=elapsed       0.01751
=case          line_SUITE:get_target_case
=logfile       line_suite.get_target_case.html
=started       2016-07-26 06:50:54
=ended         2016-07-26 06:50:54
=result        ok
=elapsed       0.002265
=case          line_SUITE:end_per_group
=logfile       line_suite.end_per_group.67.html
=group_props   [{name,five_stops}]
=started       2016-07-26 06:50:54
=ended         2016-07-26 06:50:54
=result        ok
=elapsed       1.26e-4
=group_time    0.179s
=case          line_SUITE:init_per_group
=logfile       line_suite.init_per_group.131.html
=group_props   [{name,nine_stops}]
=started       2016-07-26 06:50:54
=ended         2016-07-26 06:50:54
=result        ok
=elapsed       6.4e-5
=case          line_SUITE:get_intersection_case
=logfile       line_suite.get_intersection_case.html
=started       2016-07-26 06:50:54
=ended         2016-07-26 06:50:54
=result        ok
=elapsed       0.009758
=case          line_SUITE:end_per_group
=logfile       line_suite.end_per_group.195.html
=group_props   [{name,nine_stops}]
=started       2016-07-26 06:50:54
=ended         2016-07-26 06:50:54
=result        ok
=elapsed       4.6e-5
=group_time    0.106s
=case          ct_framework:end_per_suite
=logfile       ct_framework.end_per_suite.html
=group_props   [{suite,line_SUITE}]
=started       2016-07-26 06:50:54
=ended         2016-07-26 06:50:54
=result        ok
=elapsed       0.0
=group_time    0.619s
=case          ct_framework:init_per_suite
=logfile       ct_framework.init_per_suite.259.html
=group_props   [{suite,public_transport_SUITE}]
=started       2016-07-26 06:50:54
=ended         2016-07-26 06:50:54
=result        ok
=elapsed       0.0
=case          public_transport_SUITE:test1
=logfile       public_transport_suite.test1.html
=started       2016-07-26 06:50:54
=== WARNING: end_per_testcase crashed!
Reason: {timeout,{gen_server,call,[{global,logger},stop]}}
Line: [{gen_server,call,204},
              {public_transport_SUITE,end_per_testcase,<a href="public_transport_suite.src.html#21">21</a>},
              {test_server,do_end_per_testcase,1257},
              {test_server,run_test_case_eval1,1012},
              {test_server,run_test_case_eval,926}]

=ended         2016-07-26 06:51:04
=result        failed: {timeout,
                           {gen_server,call,
                               [{global,public_transport},{get_route,a,o}]}}, [{gen_server,
                                                                                call,
                                                                                204},
                                                                               {public_transport,
                                                                                get_route,
                                                                                25},
                                                                               {test_server,
                                                                                ts_tc,
                                                                                1408},
                                                                               {test_server,
                                                                                run_test_case_eval1,
                                                                                984},
                                                                               {test_server,
                                                                                run_test_case_eval,
                                                                                926}]
=== *** FAILED test case 10 of 15 ***
=case          ct_framework:end_per_suite
=logfile       ct_framework.end_per_suite.130.html
=group_props   [{suite,public_transport_SUITE}]
=started       2016-07-26 06:51:05
=ended         2016-07-26 06:51:05
=result        ok
=elapsed       0.0
=group_time    10.622s
=case          ct_framework:init_per_suite
=logfile       ct_framework.init_per_suite.194.html
=group_props   [{suite,stop_SUITE}]
=started       2016-07-26 06:51:05
=ended         2016-07-26 06:51:05
=result        ok
=elapsed       0.0
=case          stop_SUITE:passenger_check_in_case
=logfile       stop_suite.passenger_check_in_case.html
=started       2016-07-26 06:51:05
=ended         2016-07-26 06:51:05
=result        ok
=elapsed       7.26e-4
=case          stop_SUITE:passenger_check_out_case
=logfile       stop_suite.passenger_check_out_case.html
=started       2016-07-26 06:51:05
=ended         2016-07-26 06:51:05
=result        ok
=elapsed       0.002657
=case          stop_SUITE:vehicle_check_in_case
=logfile       stop_suite.vehicle_check_in_case.html
=started       2016-07-26 06:51:05
=ended         2016-07-26 06:51:05
=result        ok
=elapsed       0.001264
=case          stop_SUITE:vehicle_check_out_case
=logfile       stop_suite.vehicle_check_out_case.html
=started       2016-07-26 06:51:05
=ended         2016-07-26 06:51:05
=result        ok
=elapsed       0.002407
=case          stop_SUITE:invalid_vehicle_check_out_case
=logfile       stop_suite.invalid_vehicle_check_out_case.html
=started       2016-07-26 06:51:05
=ended         2016-07-26 06:51:05
=result        ok
=elapsed       3.75e-4
=case          ct_framework:error_in_suite
=logfile       ct_framework.error_in_suite.html
=group_props   [{suite,stop_SUITE}]
=started       2016-07-26 06:51:05
=ended         2016-07-26 06:51:05
=result        failed: 'vehicle_SUITE can not be compiled or loaded', unknown_location
=== *** FAILED {ct_framework,error_in_suite} ***
=case          ct_framework:end_per_suite
=logfile       ct_framework.end_per_suite.258.html
=group_props   [{suite,stop_SUITE}]
=started       2016-07-26 06:51:05
=ended         2016-07-26 06:51:05
=result        ok
=elapsed       0.0
=group_time    0.216s
=== TEST COMPLETE, 14 ok, 1 failed of 15 test cases

=finished      2016-07-26 06:51:05
=failed        1
=successful    14
=user_skipped  0
=auto_skipped  0
