=== Suite started at 2016-07-26 09:34:24
=== Starting test, 23 test cases
=cases         23
=user          travis
=host          testing-worker-linux-docker-da1b215c-3441-linux-12
=hosts         testing-worker-linux-docker-da1b215c-3441-linux-12 
=emulator_vsn  7.3
=emulator      beam
=otp_release   18
=started       2016-07-26 09:34:24
=case          ct_framework:init_per_suite
=logfile       ct_framework.init_per_suite.html
=group_props   [{suite,line_SUITE}]
=started       2016-07-26 09:34:24
=ended         2016-07-26 09:34:24
=result        ok
=elapsed       0.0
=case          line_SUITE:init_per_group
=logfile       line_suite.init_per_group.html
=group_props   [{name,three_stops}]
=started       2016-07-26 09:34:24
=ended         2016-07-26 09:34:24
=result        ok
=elapsed       8.77e-4
=case          line_SUITE:get_next_stop_case
=logfile       line_suite.get_next_stop_case.html
=started       2016-07-26 09:34:24
=ended         2016-07-26 09:34:24
=result        ok
=elapsed       0.001928
=case          line_SUITE:get_other_end_case
=logfile       line_suite.get_other_end_case.html
=started       2016-07-26 09:34:24
=ended         2016-07-26 09:34:25
=result        ok
=elapsed       4.95e-4
=case          line_SUITE:is_end_stop_case
=logfile       line_suite.is_end_stop_case.html
=started       2016-07-26 09:34:25
=ended         2016-07-26 09:34:25
=result        ok
=elapsed       5.96e-4
=case          line_SUITE:get_number_case
=logfile       line_suite.get_number_case.html
=started       2016-07-26 09:34:25
=ended         2016-07-26 09:34:25
=result        ok
=elapsed       3.01e-4
=case          line_SUITE:end_per_group
=logfile       line_suite.end_per_group.html
=group_props   [{name,three_stops}]
=started       2016-07-26 09:34:25
=ended         2016-07-26 09:34:25
=result        ok
=elapsed       3.7e-5
=group_time    0.145s
=case          line_SUITE:init_per_group
=logfile       line_suite.init_per_group.3.html
=group_props   [{name,four_stops}]
=started       2016-07-26 09:34:25
=ended         2016-07-26 09:34:25
=result        ok
=elapsed       3.5e-5
=case          line_SUITE:contains_stop_case
=logfile       line_suite.contains_stop_case.html
=started       2016-07-26 09:34:25
=ended         2016-07-26 09:34:25
=result        ok
=elapsed       8.08e-4
=case          line_SUITE:end_per_group
=logfile       line_suite.end_per_group.67.html
=group_props   [{name,four_stops}]
=started       2016-07-26 09:34:25
=ended         2016-07-26 09:34:25
=result        ok
=elapsed       7.3e-5
=group_time    0.054s
=case          line_SUITE:init_per_group
=logfile       line_suite.init_per_group.131.html
=group_props   [{name,five_stops}]
=started       2016-07-26 09:34:25
=ended         2016-07-26 09:34:25
=result        ok
=elapsed       4.1e-5
=case          line_SUITE:get_neighbors_case
=logfile       line_suite.get_neighbors_case.html
=started       2016-07-26 09:34:25
=ended         2016-07-26 09:34:25
=result        ok
=elapsed       0.001286
=case          line_SUITE:get_duration_case
=logfile       line_suite.get_duration_case.html
=started       2016-07-26 09:34:25
=ended         2016-07-26 09:34:25
=result        ok
=elapsed       0.016712
=case          line_SUITE:get_target_case
=logfile       line_suite.get_target_case.html
=started       2016-07-26 09:34:25
=ended         2016-07-26 09:34:25
=result        ok
=elapsed       0.002724
=case          line_SUITE:end_per_group
=logfile       line_suite.end_per_group.2.html
=group_props   [{name,five_stops}]
=started       2016-07-26 09:34:25
=ended         2016-07-26 09:34:25
=result        ok
=elapsed       9.5e-5
=group_time    0.172s
=case          line_SUITE:init_per_group
=logfile       line_suite.init_per_group.66.html
=group_props   [{name,nine_stops}]
=started       2016-07-26 09:34:25
=ended         2016-07-26 09:34:25
=result        ok
=elapsed       6.3e-5
=case          line_SUITE:get_intersection_case
=logfile       line_suite.get_intersection_case.html
=started       2016-07-26 09:34:25
=ended         2016-07-26 09:34:25
=result        ok
=elapsed       0.010954
=case          line_SUITE:end_per_group
=logfile       line_suite.end_per_group.130.html
=group_props   [{name,nine_stops}]
=started       2016-07-26 09:34:25
=ended         2016-07-26 09:34:25
=result        ok
=elapsed       4.7e-5
=group_time    0.097s
=case          ct_framework:end_per_suite
=logfile       ct_framework.end_per_suite.html
=group_props   [{suite,line_SUITE}]
=started       2016-07-26 09:34:25
=ended         2016-07-26 09:34:25
=result        ok
=elapsed       0.0
=group_time    0.601s
=case          ct_framework:init_per_suite
=logfile       ct_framework.init_per_suite.194.html
=group_props   [{suite,public_transport_SUITE}]
=started       2016-07-26 09:34:25
=ended         2016-07-26 09:34:25
=result        ok
=elapsed       0.0
=case          public_transport_SUITE:test1
=logfile       public_transport_suite.test1.html
=started       2016-07-26 09:34:25
=== WARNING: end_per_testcase crashed!
Reason: {timeout,{gen_server,call,[{global,logger},stop]}}
Line: [{gen_server,call,204},
       {public_transport_SUITE,end_per_testcase,21},
       {test_server,do_end_per_testcase,1377},
       {test_server,run_test_case_eval1,1093},
       {test_server,run_test_case_eval,985}]

=ended         2016-07-26 09:34:35
=result        failed: {timeout,
                           {gen_server,call,
                               [{global,public_transport},{get_route,a,o}]}}, [{gen_server,
                                                                                call,
                                                                                204},
                                                                               {public_transport,
                                                                                get_route,
                                                                                25},
                                                                               {test_server,
                                                                                ts_tc,
                                                                                1533},
                                                                               {test_server,
                                                                                run_test_case_eval1,
                                                                                1053},
                                                                               {test_server,
                                                                                run_test_case_eval,
                                                                                985}]
=== *** FAILED test case 10 of 23 ***
=case          ct_framework:end_per_suite
=logfile       ct_framework.end_per_suite.258.html
=group_props   [{suite,public_transport_SUITE}]
=started       2016-07-26 09:34:35
=ended         2016-07-26 09:34:35
=result        ok
=elapsed       0.0
=group_time    10.083s
=case          ct_framework:init_per_suite
=logfile       ct_framework.init_per_suite.322.html
=group_props   [{suite,stop_SUITE}]
=started       2016-07-26 09:34:35
=ended         2016-07-26 09:34:35
=result        ok
=elapsed       0.0
=case          stop_SUITE:passenger_check_in_case
=logfile       stop_suite.passenger_check_in_case.html
=started       2016-07-26 09:34:35
=ended         2016-07-26 09:34:35
=result        ok
=elapsed       6.31e-4
=case          stop_SUITE:passenger_check_out_case
=logfile       stop_suite.passenger_check_out_case.html
=started       2016-07-26 09:34:35
=ended         2016-07-26 09:34:35
=result        ok
=elapsed       0.002672
=case          stop_SUITE:vehicle_check_in_case
=logfile       stop_suite.vehicle_check_in_case.html
=started       2016-07-26 09:34:35
=ended         2016-07-26 09:34:35
=result        ok
=elapsed       0.001098
=case          stop_SUITE:vehicle_check_out_case
=logfile       stop_suite.vehicle_check_out_case.html
=started       2016-07-26 09:34:35
=ended         2016-07-26 09:34:35
=result        ok
=elapsed       0.002212
=case          stop_SUITE:invalid_vehicle_check_out_case
=logfile       stop_suite.invalid_vehicle_check_out_case.html
=started       2016-07-26 09:34:35
=ended         2016-07-26 09:34:35
=result        ok
=elapsed       4.03e-4
=case          ct_framework:end_per_suite
=logfile       ct_framework.end_per_suite.195.html
=group_props   [{suite,stop_SUITE}]
=started       2016-07-26 09:34:35
=ended         2016-07-26 09:34:35
=result        ok
=elapsed       0.0
=group_time    0.200s
=case          ct_framework:init_per_suite
=logfile       ct_framework.init_per_suite.259.html
=group_props   [{suite,vehicle_SUITE}]
=started       2016-07-26 09:34:35
=ended         2016-07-26 09:34:35
=result        ok
=elapsed       1.0e-6
=case          vehicle_SUITE:checkin_ok_case
=logfile       vehicle_suite.checkin_ok_case.html
=started       2016-07-26 09:34:35
=ended         2016-07-26 09:34:35
=result        ok
=elapsed       4.69e-4
=case          vehicle_SUITE:boarding_passenger_capacity_reached_case
=logfile       vehicle_suite.boarding_passenger_capacity_reached_case.html
=started       2016-07-26 09:34:35
=ended         2016-07-26 09:34:35
=result        ok
=elapsed       0.001178
=case          vehicle_SUITE:boarding_passenger_below_capacity_case
=logfile       vehicle_suite.boarding_passenger_below_capacity_case.html
=started       2016-07-26 09:34:35
=ended         2016-07-26 09:34:35
=result        ok
=elapsed       0.001205
=case          vehicle_SUITE:next_stop_reached_case
=logfile       vehicle_suite.next_stop_reached_case.html
=started       2016-07-26 09:34:35
=== WARNING! vehicle_SUITE:end_per_testcase(next_stop_reached_case, [{tc_status,
                                                                  {failed,
                                                                   shutdown}},
                                                                 {vehicle,
                                                                  {{vehicle,
                                                                    bus_1},
                                                                   <0.27187.0>}},
                                                                 {watchdog,
                                                                  <0.27174.0>},
                                                                 {tc_logfile,
                                                                  "/home/travis/build/SoamJaws/wErld/test/logs/ct_run.test@testing-worker-linux-docker-da1b215c-3441-linux-12.2016-07-26_09.34.23/client.public_transport.logs/run.2016-07-26_09.34.24/vehicle_suite.next_stop_reached_case.html"},
                                                                 {tc_group_properties,
                                                                  [{suite,
                                                                    vehicle_SUITE}]},
                                                                 {tc_group_path,
                                                                  []},
                                                                 {data_dir,
                                                                  "/home/travis/build/SoamJaws/wErld/test/client/public_transport/vehicle_SUITE_data/"},
                                                                 {priv_dir,
                                                                  "/home/travis/build/SoamJaws/wErld/test/logs/ct_run.test@testing-worker-linux-docker-da1b215c-3441-linux-12.2016-07-26_09.34.23/client.public_transport.logs/run.2016-07-26_09.34.24/log_private/"},
                                                                 {startstop,
                                                                  {{stop,
                                                                    startstop},
                                                                   <0.27177.0>}},
                                                                 {targetstop,
                                                                  {{stop,
                                                                    targetstop},
                                                                   <0.27178.0>}},
                                                                 {time,
                                                                  {{time,time},
                                                                   <0.27179.0>}},
                                                                 {l1,
                                                                  {{line,l1},
                                                                   <0.27180.0>}},
                                                                 {s1,
                                                                  {{stop,s1},
                                                                   <0.27181.0>}},
                                                                 {p1,
                                                                  {{stop,p1},
                                                                   <0.27182.0>}},
                                                                 {p2,
                                                                  {{citizen,
                                                                    p2},
                                                                   <0.27183.0>}},
                                                                 {p3,
                                                                  {{citizen,
                                                                    p3},
                                                                   <0.27184.0>}},
                                                                 {p4,
                                                                  {{citizen,
                                                                    p4},
                                                                   <0.27185.0>}}]) crashed!
	Reason: {assert,[{module,vehicle_SUITE},
                         {line,102},
                         {expression,"gen_server_mock : validate ( S1 )"},
                         {expected,true},
                         {value,false}]}

=ended         2016-07-26 09:34:36
=result        failed: {'EXIT',shutdown}, unknown_location
=== *** FAILED test case 19 of 23 ***
=case          vehicle_SUITE:next_stop_not_reached_case
=logfile       vehicle_suite.next_stop_not_reached_case.html
=started       2016-07-26 09:34:36
=== ERROR! init_per_testcase crashed!
	Location: [{gen_server_mock,start_global,32},
                   {vehicle_SUITE,init_per_testcase,38},
                   {vehicle_SUITE,init_per_testcase,61},
                   {test_server,do_init_per_testcase,1303},
                   {test_server,run_test_case_eval1,1015},
                   {test_server,run_test_case_eval,985}]
	Reason: {{badmatch,{error,{already_started,<0.27179.0>}}},
                 [{gen_server_mock,start_global,3,
                                   [{file,"src/test/gen_server_mock.erl"},
                                    {line,32}]},
                  {vehicle_SUITE,init_per_testcase,1,
                                 [{file,"vehicle_SUITE.erl"},{line,38}]},
                  {vehicle_SUITE,init_per_testcase,2,
                                 [{file,"vehicle_SUITE.erl"},{line,61}]},
                  {test_server,do_init_per_testcase,2,
                               [{file,"test_server.erl"},{line,1303}]},
                  {test_server,run_test_case_eval1,6,
                               [{file,"test_server.erl"},{line,1015}]},
                  {test_server,run_test_case_eval,9,
                               [{file,"test_server.erl"},{line,985}]}]}

=ended         2016-07-26 09:34:36
=result        auto_skipped: {failed,
                              {vehicle_SUITE,init_per_testcase,
                               {{badmatch,
                                 {error,{already_started,<0.27179.0>}}},
                                [{gen_server_mock,start_global,3,
                                  [{file,"src/test/gen_server_mock.erl"},
                                   {line,32}]},
                                 {vehicle_SUITE,init_per_testcase,1,
                                  [{file,"vehicle_SUITE.erl"},{line,38}]},
                                 {vehicle_SUITE,init_per_testcase,2,
                                  [{file,"vehicle_SUITE.erl"},{line,61}]},
                                 {test_server,do_init_per_testcase,2,
                                  [{file,"test_server.erl"},{line,1303}]},
                                 {test_server,run_test_case_eval1,6,
                                  [{file,"test_server.erl"},{line,1015}]},
                                 {test_server,run_test_case_eval,9,
                                  [{file,"test_server.erl"},{line,985}]}]}}}
=== *** SKIPPED test case 20 of 23 ***
=case          vehicle_SUITE:target_stop_reached_case
=logfile       vehicle_suite.target_stop_reached_case.html
=started       2016-07-26 09:34:36
=== ERROR! init_per_testcase crashed!
	Location: [{gen_server_mock,start_global,32},
                   {vehicle_SUITE,init_per_testcase,38},
                   {vehicle_SUITE,init_per_testcase,61},
                   {test_server,do_init_per_testcase,1303},
                   {test_server,run_test_case_eval1,1015},
                   {test_server,run_test_case_eval,985}]
	Reason: {{badmatch,{error,{already_started,<0.27179.0>}}},
                 [{gen_server_mock,start_global,3,
                                   [{file,"src/test/gen_server_mock.erl"},
                                    {line,32}]},
                  {vehicle_SUITE,init_per_testcase,1,
                                 [{file,"vehicle_SUITE.erl"},{line,38}]},
                  {vehicle_SUITE,init_per_testcase,2,
                                 [{file,"vehicle_SUITE.erl"},{line,61}]},
                  {test_server,do_init_per_testcase,2,
                               [{file,"test_server.erl"},{line,1303}]},
                  {test_server,run_test_case_eval1,6,
                               [{file,"test_server.erl"},{line,1015}]},
                  {test_server,run_test_case_eval,9,
                               [{file,"test_server.erl"},{line,985}]}]}

=ended         2016-07-26 09:34:36
=result        auto_skipped: {failed,
                              {vehicle_SUITE,init_per_testcase,
                               {{badmatch,
                                 {error,{already_started,<0.27179.0>}}},
                                [{gen_server_mock,start_global,3,
                                  [{file,"src/test/gen_server_mock.erl"},
                                   {line,32}]},
                                 {vehicle_SUITE,init_per_testcase,1,
                                  [{file,"vehicle_SUITE.erl"},{line,38}]},
                                 {vehicle_SUITE,init_per_testcase,2,
                                  [{file,"vehicle_SUITE.erl"},{line,61}]},
                                 {test_server,do_init_per_testcase,2,
                                  [{file,"test_server.erl"},{line,1303}]},
                                 {test_server,run_test_case_eval1,6,
                                  [{file,"test_server.erl"},{line,1015}]},
                                 {test_server,run_test_case_eval,9,
                                  [{file,"test_server.erl"},{line,985}]}]}}}
=== *** SKIPPED test case 21 of 23 ***
=case          vehicle_SUITE:increment_boarding_passenger_case
=logfile       vehicle_suite.increment_boarding_passenger_case.html
=started       2016-07-26 09:34:36
=== ERROR! init_per_testcase crashed!
	Location: [{gen_server_mock,start_global,32},
                   {vehicle_SUITE,init_per_testcase,38},
                   {vehicle_SUITE,init_per_testcase,61},
                   {test_server,do_init_per_testcase,1303},
                   {test_server,run_test_case_eval1,1015},
                   {test_server,run_test_case_eval,985}]
	Reason: {{badmatch,{error,{already_started,<0.27179.0>}}},
                 [{gen_server_mock,start_global,3,
                                   [{file,"src/test/gen_server_mock.erl"},
                                    {line,32}]},
                  {vehicle_SUITE,init_per_testcase,1,
                                 [{file,"vehicle_SUITE.erl"},{line,38}]},
                  {vehicle_SUITE,init_per_testcase,2,
                                 [{file,"vehicle_SUITE.erl"},{line,61}]},
                  {test_server,do_init_per_testcase,2,
                               [{file,"test_server.erl"},{line,1303}]},
                  {test_server,run_test_case_eval1,6,
                               [{file,"test_server.erl"},{line,1015}]},
                  {test_server,run_test_case_eval,9,
                               [{file,"test_server.erl"},{line,985}]}]}

=ended         2016-07-26 09:34:36
=result        auto_skipped: {failed,
                              {vehicle_SUITE,init_per_testcase,
                               {{badmatch,
                                 {error,{already_started,<0.27179.0>}}},
                                [{gen_server_mock,start_global,3,
                                  [{file,"src/test/gen_server_mock.erl"},
                                   {line,32}]},
                                 {vehicle_SUITE,init_per_testcase,1,
                                  [{file,"vehicle_SUITE.erl"},{line,38}]},
                                 {vehicle_SUITE,init_per_testcase,2,
                                  [{file,"vehicle_SUITE.erl"},{line,61}]},
                                 {test_server,do_init_per_testcase,2,
                                  [{file,"test_server.erl"},{line,1303}]},
                                 {test_server,run_test_case_eval1,6,
                                  [{file,"test_server.erl"},{line,1015}]},
                                 {test_server,run_test_case_eval,9,
                                  [{file,"test_server.erl"},{line,985}]}]}}}
=== *** SKIPPED test case 22 of 23 ***
=case          vehicle_SUITE:new_time_not_driving_case
=logfile       vehicle_suite.new_time_not_driving_case.html
=started       2016-07-26 09:34:36
=== ERROR! init_per_testcase crashed!
	Location: [{gen_server_mock,start_global,32},
                   {vehicle_SUITE,init_per_testcase,38},
                   {vehicle_SUITE,init_per_testcase,61},
                   {test_server,do_init_per_testcase,1303},
                   {test_server,run_test_case_eval1,1015},
                   {test_server,run_test_case_eval,985}]
	Reason: {{badmatch,{error,{already_started,<0.27179.0>}}},
                 [{gen_server_mock,start_global,3,
                                   [{file,"src/test/gen_server_mock.erl"},
                                    {line,32}]},
                  {vehicle_SUITE,init_per_testcase,1,
                                 [{file,"vehicle_SUITE.erl"},{line,38}]},
                  {vehicle_SUITE,init_per_testcase,2,
                                 [{file,"vehicle_SUITE.erl"},{line,61}]},
                  {test_server,do_init_per_testcase,2,
                               [{file,"test_server.erl"},{line,1303}]},
                  {test_server,run_test_case_eval1,6,
                               [{file,"test_server.erl"},{line,1015}]},
                  {test_server,run_test_case_eval,9,
                               [{file,"test_server.erl"},{line,985}]}]}

=ended         2016-07-26 09:34:36
=result        auto_skipped: {failed,
                              {vehicle_SUITE,init_per_testcase,
                               {{badmatch,
                                 {error,{already_started,<0.27179.0>}}},
                                [{gen_server_mock,start_global,3,
                                  [{file,"src/test/gen_server_mock.erl"},
                                   {line,32}]},
                                 {vehicle_SUITE,init_per_testcase,1,
                                  [{file,"vehicle_SUITE.erl"},{line,38}]},
                                 {vehicle_SUITE,init_per_testcase,2,
                                  [{file,"vehicle_SUITE.erl"},{line,61}]},
                                 {test_server,do_init_per_testcase,2,
                                  [{file,"test_server.erl"},{line,1303}]},
                                 {test_server,run_test_case_eval1,6,
                                  [{file,"test_server.erl"},{line,1015}]},
                                 {test_server,run_test_case_eval,9,
                                  [{file,"test_server.erl"},{line,985}]}]}}}
=== *** SKIPPED test case 23 of 23 ***
=case          ct_framework:end_per_suite
=logfile       ct_framework.end_per_suite.386.html
=group_props   [{suite,vehicle_SUITE}]
=started       2016-07-26 09:34:36
=ended         2016-07-26 09:34:36
=result        ok
=elapsed       1.0e-6
=group_time    0.262s
=== TEST COMPLETE, 17 ok, 2 failed, 4 skipped of 23 test cases

=finished      2016-07-26 09:34:36
=failed        2
=successful    17
=user_skipped  0
=auto_skipped  4
